<?xml version="1.0" encoding="UTF-8"?>
<testsuite name="co.edu.uvpalmira.fpoe.exfinal.backend.dao.EditorialDAOTest" tests="1" skipped="0" failures="1" errors="0" timestamp="2026-06-10T16:37:38" hostname="MIAU-PC" time="3.163">
  <properties/>
  <testcase name="testFind" classname="co.edu.uvpalmira.fpoe.exfinal.backend.dao.EditorialDAOTest" time="3.163">
    <failure message="java.lang.IllegalArgumentException: NamedQuery of name: Editorial.buscarPorNit not found." type="java.lang.IllegalArgumentException">java.lang.IllegalArgumentException: NamedQuery of name: Editorial.buscarPorNit not found.
	at org.eclipse.persistence.internal.jpa.QueryImpl.getDatabaseQueryInternal(QueryImpl.java:365)
	at org.eclipse.persistence.internal.jpa.EntityManagerImpl.createNamedQuery(EntityManagerImpl.java:1224)
	at co.edu.uvpalmira.fpoe.exfinal.backend.dao.EditorialDAO.buscarPorNit(EditorialDAO.java:25)
	at co.edu.uvpalmira.fpoe.exfinal.backend.dao.EditorialDAOTest.testFind(EditorialDAOTest.java:36)
	at java.base/jdk.internal.reflect.DirectMethodHandleAccessor.invoke(DirectMethodHandleAccessor.java:103)
	at java.base/java.lang.reflect.Method.invoke(Method.java:580)
	at org.junit.runners.model.FrameworkMethod$1.runReflectiveCall(FrameworkMethod.java:59)
	at org.junit.internal.runners.model.ReflectiveCallable.run(ReflectiveCallable.java:12)
	at org.junit.runners.model.FrameworkMethod.invokeExplosively(FrameworkMethod.java:56)
	at org.junit.internal.runners.statements.InvokeMethod.evaluate(InvokeMethod.java:17)
	at org.junit.runners.ParentRunner$3.evaluate(ParentRunner.java:306)
	at org.junit.runners.BlockJUnit4ClassRunner$1.evaluate(BlockJUnit4ClassRunner.java:100)
	at org.junit.runners.ParentRunner.runLeaf(ParentRunner.java:366)
	at org.junit.runners.BlockJUnit4ClassRunner.runChild(BlockJUnit4ClassRunner.java:103)
	at org.junit.runners.BlockJUnit4ClassRunner.runChild(BlockJUnit4ClassRunner.java:63)
	at org.junit.runners.ParentRunner$4.run(ParentRunner.java:331)
	at org.junit.runners.ParentRunner$1.schedule(ParentRunner.java:79)
	at org.junit.runners.ParentRunner.runChildren(ParentRunner.java:329)
	at org.junit.runners.ParentRunner.access$100(ParentRunner.java:66)
	at org.junit.runners.ParentRunner$2.evaluate(ParentRunner.java:293)
	at org.junit.runners.ParentRunner$3.evaluate(ParentRunner.java:306)
	at org.junit.runners.ParentRunner.run(ParentRunner.java:413)
	at org.gradle.api.internal.tasks.testing.junit.JUnitTestClassExecutor.runTestClass(JUnitTestClassExecutor.java:112)
	at org.gradle.api.internal.tasks.testing.junit.JUnitTestClassExecutor.execute(JUnitTestClassExecutor.java:58)
	at org.gradle.api.internal.tasks.testing.junit.JUnitTestClassExecutor.execute(JUnitTestClassExecutor.java:40)
	at org.gradle.api.internal.tasks.testing.junit.AbstractJUnitTestClassProcessor.processTestClass(AbstractJUnitTestClassProcessor.java:54)
	at org.gradle.api.internal.tasks.testing.SuiteTestClassProcessor.processTestClass(SuiteTestClassProcessor.java:53)
	at java.base/jdk.internal.reflect.DirectMethodHandleAccessor.invoke(DirectMethodHandleAccessor.java:103)
	at java.base/java.lang.reflect.Method.invoke(Method.java:580)
	at org.gradle.internal.dispatch.ReflectionDispatch.dispatch(ReflectionDispatch.java:36)
	at org.gradle.internal.dispatch.ReflectionDispatch.dispatch(ReflectionDispatch.java:24)
	at org.gradle.internal.dispatch.ContextClassLoaderDispatch.dispatch(ContextClassLoaderDispatch.java:33)
	at org.gradle.internal.dispatch.ProxyDispatchAdapter$DispatchingInvocationHandler.invoke(ProxyDispatchAdapter.java:92)
	at jdk.proxy2/jdk.proxy2.$Proxy6.processTestClass(Unknown Source)
	at org.gradle.api.internal.tasks.testing.worker.TestWorker$2.run(TestWorker.java:183)
	at org.gradle.api.internal.tasks.testing.worker.TestWorker.executeAndMaintainThreadName(TestWorker.java:132)
	at org.gradle.api.internal.tasks.testing.worker.TestWorker.execute(TestWorker.java:103)
	at org.gradle.api.internal.tasks.testing.worker.TestWorker.execute(TestWorker.java:63)
	at org.gradle.process.internal.worker.child.ActionExecutionWorker.execute(ActionExecutionWorker.java:56)
	at org.gradle.process.internal.worker.child.SystemApplicationClassLoaderWorker.call(SystemApplicationClassLoaderWorker.java:121)
	at org.gradle.process.internal.worker.child.SystemApplicationClassLoaderWorker.call(SystemApplicationClassLoaderWorker.java:71)
	at worker.org.gradle.process.internal.worker.GradleWorkerMain.run(GradleWorkerMain.java:69)
	at worker.org.gradle.process.internal.worker.GradleWorkerMain.main(GradleWorkerMain.java:74)
</failure>
  </testcase>
  <system-out><![CDATA[[EL Info]: 2026-06-10 11:37:39.808--ServerSession(1146848727)--EclipseLink, version: Eclipse Persistence Services - 4.0.2.v202306161219
[EL Warning]: 2026-06-10 11:37:41.296--ServerSession(1146848727)--Exception [EclipseLink-4002] (Eclipse Persistence Services - 4.0.2.v202306161219): org.eclipse.persistence.exceptions.DatabaseException
Internal Exception: java.sql.SQLSyntaxErrorException: Table 'fpoedb.libro' doesn't exist
Error Code: 1146
Call: INSERT INTO libro (autor, estado, isbn, titulo, editorial_id) VALUES ('Daniela Violi', 'DISPONIBLE', 9788417400989, 'Sé un algoritmo irrepetible', 2);
Query: DataModifyQuery(sql="INSERT INTO libro (autor, estado, isbn, titulo, editorial_id) VALUES ('Daniela Violi', 'DISPONIBLE', 9788417400989, 'Sé un algoritmo irrepetible', 2);")
[EL Warning]: 2026-06-10 11:37:41.317--ServerSession(1146848727)--Exception [EclipseLink-4002] (Eclipse Persistence Services - 4.0.2.v202306161219): org.eclipse.persistence.exceptions.DatabaseException
Internal Exception: java.sql.SQLSyntaxErrorException: Table 'fpoedb.libro' doesn't exist
Error Code: 1146
Call: INSERT INTO libro (autor, estado, isbn, titulo, editorial_id) VALUES ('Francisco Leal Quevedo, Amalia Leal Córdoba', 'DISPONIBLE', 9789583068317, '¿A dónde viajan los gatos?', 2);
Query: DataModifyQuery(sql="INSERT INTO libro (autor, estado, isbn, titulo, editorial_id) VALUES ('Francisco Leal Quevedo, Amalia Leal Córdoba', 'DISPONIBLE', 9789583068317, '¿A dónde viajan los gatos?', 2);")
[EL Warning]: 2026-06-10 11:37:41.321--ServerSession(1146848727)--Exception [EclipseLink-4002] (Eclipse Persistence Services - 4.0.2.v202306161219): org.eclipse.persistence.exceptions.DatabaseException
Internal Exception: java.sql.SQLSyntaxErrorException: Table 'fpoedb.libro' doesn't exist
Error Code: 1146
Call: INSERT INTO libro (autor, estado, isbn, titulo, editorial_id) VALUES ('Consuelo Lago', 'DISPONIBLE', 9786287542198, 'NIEVES 55 AÑOS', 3);
Query: DataModifyQuery(sql="INSERT INTO libro (autor, estado, isbn, titulo, editorial_id) VALUES ('Consuelo Lago', 'DISPONIBLE', 9786287542198, 'NIEVES 55 AÑOS', 3);")
[EL Warning]: 2026-06-10 11:37:41.325--ServerSession(1146848727)--Exception [EclipseLink-4002] (Eclipse Persistence Services - 4.0.2.v202306161219): org.eclipse.persistence.exceptions.DatabaseException
Internal Exception: java.sql.SQLSyntaxErrorException: Table 'fpoedb.libro' doesn't exist
Error Code: 1146
Call: INSERT INTO libro (autor, estado, isbn, titulo, editorial_id) VALUES ('Murray Cooper', 'DISPONIBLE', 9789588818368, 'COLIBRÍES EN COLOMBIA', 3);
Query: DataModifyQuery(sql="INSERT INTO libro (autor, estado, isbn, titulo, editorial_id) VALUES ('Murray Cooper', 'DISPONIBLE', 9789588818368, 'COLIBRÍES EN COLOMBIA', 3);")
]]></system-out>
  <system-err><![CDATA[]]></system-err>
</testsuite>
