<?xml version="1.0" encoding="UTF-8"?>
<testsuite name="co.edu.uvpalmira.fpoe.exfinal.backend.dao.EditorialDAOTest" tests="1" skipped="0" failures="0" errors="0" timestamp="2026-06-10T17:28:48" hostname="MIAU-PC" time="3.403">
  <properties/>
  <testcase name="testFind" classname="co.edu.uvpalmira.fpoe.exfinal.backend.dao.EditorialDAOTest" time="3.403"/>
  <system-out><![CDATA[[EL Info]: 2026-06-10 12:28:50.368--ServerSession(1146848727)--EclipseLink, version: Eclipse Persistence Services - 4.0.2.v202306161219
[EL Warning]: 2026-06-10 12:28:51.875--ServerSession(1146848727)--Exception [EclipseLink-4002] (Eclipse Persistence Services - 4.0.2.v202306161219): org.eclipse.persistence.exceptions.DatabaseException
Internal Exception: java.sql.SQLSyntaxErrorException: Table 'fpoedb.libro' doesn't exist
Error Code: 1146
Call: INSERT INTO libro (autor, estado, isbn, titulo, editorial_id) VALUES ('Daniela Violi', 'DISPONIBLE', 9788417400989, 'Sé un algoritmo irrepetible', 2);
Query: DataModifyQuery(sql="INSERT INTO libro (autor, estado, isbn, titulo, editorial_id) VALUES ('Daniela Violi', 'DISPONIBLE', 9788417400989, 'Sé un algoritmo irrepetible', 2);")
[EL Warning]: 2026-06-10 12:28:51.897--ServerSession(1146848727)--Exception [EclipseLink-4002] (Eclipse Persistence Services - 4.0.2.v202306161219): org.eclipse.persistence.exceptions.DatabaseException
Internal Exception: java.sql.SQLSyntaxErrorException: Table 'fpoedb.libro' doesn't exist
Error Code: 1146
Call: INSERT INTO libro (autor, estado, isbn, titulo, editorial_id) VALUES ('Francisco Leal Quevedo, Amalia Leal Córdoba', 'DISPONIBLE', 9789583068317, '¿A dónde viajan los gatos?', 2);
Query: DataModifyQuery(sql="INSERT INTO libro (autor, estado, isbn, titulo, editorial_id) VALUES ('Francisco Leal Quevedo, Amalia Leal Córdoba', 'DISPONIBLE', 9789583068317, '¿A dónde viajan los gatos?', 2);")
[EL Warning]: 2026-06-10 12:28:51.902--ServerSession(1146848727)--Exception [EclipseLink-4002] (Eclipse Persistence Services - 4.0.2.v202306161219): org.eclipse.persistence.exceptions.DatabaseException
Internal Exception: java.sql.SQLSyntaxErrorException: Table 'fpoedb.libro' doesn't exist
Error Code: 1146
Call: INSERT INTO libro (autor, estado, isbn, titulo, editorial_id) VALUES ('Consuelo Lago', 'DISPONIBLE', 9786287542198, 'NIEVES 55 AÑOS', 3);
Query: DataModifyQuery(sql="INSERT INTO libro (autor, estado, isbn, titulo, editorial_id) VALUES ('Consuelo Lago', 'DISPONIBLE', 9786287542198, 'NIEVES 55 AÑOS', 3);")
[EL Warning]: 2026-06-10 12:28:51.907--ServerSession(1146848727)--Exception [EclipseLink-4002] (Eclipse Persistence Services - 4.0.2.v202306161219): org.eclipse.persistence.exceptions.DatabaseException
Internal Exception: java.sql.SQLSyntaxErrorException: Table 'fpoedb.libro' doesn't exist
Error Code: 1146
Call: INSERT INTO libro (autor, estado, isbn, titulo, editorial_id) VALUES ('Murray Cooper', 'DISPONIBLE', 9789588818368, 'COLIBRÍES EN COLOMBIA', 3);
Query: DataModifyQuery(sql="INSERT INTO libro (autor, estado, isbn, titulo, editorial_id) VALUES ('Murray Cooper', 'DISPONIBLE', 9789588818368, 'COLIBRÍES EN COLOMBIA', 3);")
]]></system-out>
  <system-err><![CDATA[]]></system-err>
</testsuite>
